{"uid":"3d5ecd9c17e89dfb","name":"User should be able to run build","fullName":"com.example.teamcity.ui.RunBuildTypeTest.userRunsBuildTypeTest","historyId":"10a2901b8ed3061f92dcc7e8d68d0ca8","time":{"start":1731942314601,"stop":1731942329639,"duration":15038},"status":"failed","statusMessage":"Element not found {.CodeMirror}\nExpected: exist\nScreenshot: file:/home/runner/work/teamcity-testing-framework/teamcity-testing-framework/build/reports/tests/1731942329041.0.png\nPage source: file:/home/runner/work/teamcity-testing-framework/teamcity-testing-framework/build/reports/tests/1731942329041.0.html\nTimeout: 4 s.\nCaused by: NoSuchElementException: no such element: Unable to locate element: {\"method\":\"css selector\",\"selector\":\".CodeMirror\"}","statusTrace":"Element not found {.CodeMirror}\nExpected: exist\nScreenshot: file:/home/runner/work/teamcity-testing-framework/teamcity-testing-framework/build/reports/tests/1731942329041.0.png\nPage source: file:/home/runner/work/teamcity-testing-framework/teamcity-testing-framework/build/reports/tests/1731942329041.0.html\nTimeout: 4 s.\nCaused by: NoSuchElementException: no such element: Unable to locate element: {\"method\":\"css selector\",\"selector\":\".CodeMirror\"}\n\tat com.codeborne.selenide.impl.WebElementSource.createElementNotFoundError(WebElementSource.java:90)\n\tat com.codeborne.selenide.impl.ElementFinder.createElementNotFoundError(ElementFinder.java:142)\n\tat com.codeborne.selenide.impl.ExceptionWrapper.wrap(ExceptionWrapper.java:32)\n\tat com.codeborne.selenide.impl.SelenideElementProxy.dispatchAndRetry(SelenideElementProxy.java:156)\n\tat com.codeborne.selenide.impl.SelenideElementProxy.invoke(SelenideElementProxy.java:86)\n\tat jdk.proxy2/jdk.proxy2.$Proxy32.getWrappedElement(Unknown Source)\n\tat org.openqa.selenium.remote.WebElementToJsonConverter.apply(WebElementToJsonConverter.java:48)\n\tat java.base/java.util.stream.ReferencePipeline$3$1.accept(ReferencePipeline.java:197)\n\tat java.base/java.util.Spliterators$ArraySpliterator.forEachRemaining(Spliterators.java:992)\n\tat java.base/java.util.stream.AbstractPipeline.copyInto(AbstractPipeline.java:509)\n\tat java.base/java.util.stream.AbstractPipeline.wrapAndCopyInto(AbstractPipeline.java:499)\n\tat java.base/java.util.stream.ReduceOps$ReduceOp.evaluateSequential(ReduceOps.java:921)\n\tat java.base/java.util.stream.AbstractPipeline.evaluate(AbstractPipeline.java:234)\n\tat java.base/java.util.stream.ReferencePipeline.collect(ReferencePipeline.java:682)\n\tat org.openqa.selenium.remote.RemoteWebDriver.executeScript(RemoteWebDriver.java:461)\n\tat com.codeborne.selenide.Driver.executeJavaScript(Driver.java:56)\n\tat com.codeborne.selenide.SelenideDriver.executeJavaScript(SelenideDriver.java:225)\n\tat com.codeborne.selenide.Selenide.executeJavaScript(Selenide.java:552)\n\tat com.example.teamcity.ui.pages.admin.buildStep.EditCommandLineBuildStepPage.setCustomScript(EditCommandLineBuildStepPage.java:27)\n\tat com.example.teamcity.ui.RunBuildTypeTest.userRunsBuildTypeTest(RunBuildTypeTest.java:27)\n\tat java.base/jdk.internal.reflect.NativeMethodAccessorImpl.invoke0(Native Method)\n\tat java.base/jdk.internal.reflect.NativeMethodAccessorImpl.invoke(NativeMethodAccessorImpl.java:77)\n\tat java.base/jdk.internal.reflect.DelegatingMethodAccessorImpl.invoke(DelegatingMethodAccessorImpl.java:43)\n\tat java.base/java.lang.reflect.Method.invoke(Method.java:569)\n\tat org.testng.internal.invokers.MethodInvocationHelper.invokeMethod(MethodInvocationHelper.java:141)\n\tat org.testng.internal.invokers.TestInvoker.invokeMethod(TestInvoker.java:686)\n\tat org.testng.internal.invokers.TestInvoker.invokeTestMethod(TestInvoker.java:230)\n\tat org.testng.internal.invokers.MethodRunner.runInSequence(MethodRunner.java:63)\n\tat org.testng.internal.invokers.TestInvoker$MethodInvocationAgent.invoke(TestInvoker.java:992)\n\tat org.testng.internal.invokers.TestInvoker.invokeTestMethods(TestInvoker.java:203)\n\tat org.testng.internal.invokers.TestMethodWorker.invokeTestMethods(TestMethodWorker.java:154)\n\tat org.testng.internal.invokers.TestMethodWorker.run(TestMethodWorker.java:134)\n\tat java.base/java.util.ArrayList.forEach(ArrayList.java:1511)\n\tat org.testng.TestRunner.privateRun(TestRunner.java:739)\n\tat org.testng.TestRunner.run(TestRunner.java:614)\n\tat org.testng.SuiteRunner.runTest(SuiteRunner.java:421)\n\tat org.testng.SuiteRunner.runSequentially(SuiteRunner.java:413)\n\tat org.testng.SuiteRunner.privateRun(SuiteRunner.java:373)\n\tat org.testng.SuiteRunner.run(SuiteRunner.java:312)\n\tat org.testng.SuiteRunnerWorker.runSuite(SuiteRunnerWorker.java:52)\n\tat org.testng.SuiteRunnerWorker.run(SuiteRunnerWorker.java:95)\n\tat org.testng.TestNG.runSuitesSequentially(TestNG.java:1274)\n\tat org.testng.TestNG.runSuitesLocally(TestNG.java:1208)\n\tat org.testng.TestNG.runSuites(TestNG.java:1112)\n\tat org.testng.TestNG.run(TestNG.java:1079)\n\tat org.apache.maven.surefire.testng.TestNGExecutor.run(TestNGExecutor.java:155)\n\tat org.apache.maven.surefire.testng.TestNGDirectoryTestSuite.executeMulti(TestNGDirectoryTestSuite.java:169)\n\tat org.apache.maven.surefire.testng.TestNGDirectoryTestSuite.execute(TestNGDirectoryTestSuite.java:88)\n\tat org.apache.maven.surefire.testng.TestNGProvider.invoke(TestNGProvider.java:137)\n\tat org.apache.maven.surefire.booter.ForkedBooter.runSuitesInProcess(ForkedBooter.java:385)\n\tat org.apache.maven.surefire.booter.ForkedBooter.execute(ForkedBooter.java:162)\n\tat org.apache.maven.surefire.booter.ForkedBooter.run(ForkedBooter.java:507)\n\tat org.apache.maven.surefire.booter.ForkedBooter.main(ForkedBooter.java:495)\nCaused by: org.openqa.selenium.NoSuchElementException: no such element: Unable to locate element: {\"method\":\"css selector\",\"selector\":\".CodeMirror\"}\n  (Session info: chrome=128.0.6613.137)\nFor documentation on this error, please visit: https://www.selenium.dev/documentation/webdriver/troubleshooting/errors#no-such-element-exception\nBuild info: version: '4.19.1', revision: 'abe0ee07dc'\nSystem info: os.name: 'Linux', os.arch: 'amd64', os.version: '6.5.0-1025-azure', java.version: '17.0.13'\nDriver info: org.openqa.selenium.remote.RemoteWebDriver\nCommand: [edf02c9960fde682a1d7acecf5cf901d, findElement {value=.CodeMirror, using=css selector}]\nCapabilities {acceptInsecureCerts: true, browserName: chrome, browserVersion: 128.0.6613.137, chrome: {chromedriverVersion: 128.0.6613.18 (7d504c2c60ba..., userDataDir: /tmp/.org.chromium.Chromium...}, fedcm:accounts: true, goog:chromeOptions: {debuggerAddress: localhost:43421}, networkConnectionEnabled: false, pageLoadStrategy: normal, platformName: linux, proxy: Proxy(), se:cdp: ws://localhost:4444/devtool..., se:cdpVersion: 128.0.6613.137, setWindowRect: true, strictFileInteractability: false, timeouts: {implicit: 0, pageLoad: 300000, script: 30000}, unhandledPromptBehavior: accept, webauthn:extension:credBlob: true, webauthn:extension:largeBlob: true, webauthn:extension:minPinLength: true, webauthn:extension:prf: true, webauthn:virtualAuthenticators: true}\nSession ID: edf02c9960fde682a1d7acecf5cf901d\n\tat jdk.internal.reflect.GeneratedConstructorAccessor41.newInstance(Unknown Source)\n\tat java.base/jdk.internal.reflect.DelegatingConstructorAccessorImpl.newInstance(DelegatingConstructorAccessorImpl.java:45)\n\tat java.base/java.lang.reflect.Constructor.newInstanceWithCaller(Constructor.java:500)\n\tat java.base/java.lang.reflect.Constructor.newInstance(Constructor.java:481)\n\tat org.openqa.selenium.remote.ErrorCodec.decode(ErrorCodec.java:167)\n\tat org.openqa.selenium.remote.codec.w3c.W3CHttpResponseCodec.decode(W3CHttpResponseCodec.java:138)\n\tat org.openqa.selenium.remote.codec.w3c.W3CHttpResponseCodec.decode(W3CHttpResponseCodec.java:50)\n\tat org.openqa.selenium.remote.HttpCommandExecutor.execute(HttpCommandExecutor.java:190)\n\tat org.openqa.selenium.remote.RemoteWebDriver.execute(RemoteWebDriver.java:518)\n\tat org.openqa.selenium.remote.ElementLocation$ElementFinder$2.findElement(ElementLocation.java:165)\n\tat org.openqa.selenium.remote.ElementLocation.findElement(ElementLocation.java:59)\n\tat org.openqa.selenium.remote.RemoteWebDriver.findElement(RemoteWebDriver.java:355)\n\tat org.openqa.selenium.remote.RemoteWebDriver.findElement(RemoteWebDriver.java:349)\n\tat com.codeborne.selenide.impl.WebElementSelector.findElement(WebElementSelector.java:73)\n\tat com.codeborne.selenide.impl.WebElementSelector.findElement(WebElementSelector.java:46)\n\tat com.codeborne.selenide.impl.WebElementSelector.findElement(WebElementSelector.java:35)\n\tat com.codeborne.selenide.impl.ElementFinder.getWebElement(ElementFinder.java:122)\n\tat com.codeborne.selenide.commands.GetWrappedElement.execute(GetWrappedElement.java:19)\n\tat com.codeborne.selenide.commands.GetWrappedElement.execute(GetWrappedElement.java:13)\n\tat com.codeborne.selenide.commands.Commands.execute(Commands.java:162)\n\tat com.codeborne.selenide.impl.SelenideElementProxy.dispatchAndRetry(SelenideElementProxy.java:134)\n\t... 49 more\n","flaky":false,"newFailed":false,"newBroken":false,"newPassed":false,"retriesCount":0,"retriesStatusChange":false,"beforeStages":[{"name":"beforeTest","time":{"start":1731942314579,"stop":1731942314579,"duration":0},"description":"","status":"passed","steps":[],"attachments":[],"parameters":[],"shouldDisplayMessage":false,"stepsCount":0,"attachmentsCount":0,"hasContent":false}],"testStage":{"status":"failed","statusMessage":"Element not found {.CodeMirror}\nExpected: exist\nScreenshot: file:/home/runner/work/teamcity-testing-framework/teamcity-testing-framework/build/reports/tests/1731942329041.0.png\nPage source: file:/home/runner/work/teamcity-testing-framework/teamcity-testing-framework/build/reports/tests/1731942329041.0.html\nTimeout: 4 s.\nCaused by: NoSuchElementException: no such element: Unable to locate element: {\"method\":\"css selector\",\"selector\":\".CodeMirror\"}","statusTrace":"Element not found {.CodeMirror}\nExpected: exist\nScreenshot: file:/home/runner/work/teamcity-testing-framework/teamcity-testing-framework/build/reports/tests/1731942329041.0.png\nPage source: file:/home/runner/work/teamcity-testing-framework/teamcity-testing-framework/build/reports/tests/1731942329041.0.html\nTimeout: 4 s.\nCaused by: NoSuchElementException: no such element: Unable to locate element: {\"method\":\"css selector\",\"selector\":\".CodeMirror\"}\n\tat com.codeborne.selenide.impl.WebElementSource.createElementNotFoundError(WebElementSource.java:90)\n\tat com.codeborne.selenide.impl.ElementFinder.createElementNotFoundError(ElementFinder.java:142)\n\tat com.codeborne.selenide.impl.ExceptionWrapper.wrap(ExceptionWrapper.java:32)\n\tat com.codeborne.selenide.impl.SelenideElementProxy.dispatchAndRetry(SelenideElementProxy.java:156)\n\tat com.codeborne.selenide.impl.SelenideElementProxy.invoke(SelenideElementProxy.java:86)\n\tat jdk.proxy2/jdk.proxy2.$Proxy32.getWrappedElement(Unknown Source)\n\tat org.openqa.selenium.remote.WebElementToJsonConverter.apply(WebElementToJsonConverter.java:48)\n\tat java.base/java.util.stream.ReferencePipeline$3$1.accept(ReferencePipeline.java:197)\n\tat java.base/java.util.Spliterators$ArraySpliterator.forEachRemaining(Spliterators.java:992)\n\tat java.base/java.util.stream.AbstractPipeline.copyInto(AbstractPipeline.java:509)\n\tat java.base/java.util.stream.AbstractPipeline.wrapAndCopyInto(AbstractPipeline.java:499)\n\tat java.base/java.util.stream.ReduceOps$ReduceOp.evaluateSequential(ReduceOps.java:921)\n\tat java.base/java.util.stream.AbstractPipeline.evaluate(AbstractPipeline.java:234)\n\tat java.base/java.util.stream.ReferencePipeline.collect(ReferencePipeline.java:682)\n\tat org.openqa.selenium.remote.RemoteWebDriver.executeScript(RemoteWebDriver.java:461)\n\tat com.codeborne.selenide.Driver.executeJavaScript(Driver.java:56)\n\tat com.codeborne.selenide.SelenideDriver.executeJavaScript(SelenideDriver.java:225)\n\tat com.codeborne.selenide.Selenide.executeJavaScript(Selenide.java:552)\n\tat com.example.teamcity.ui.pages.admin.buildStep.EditCommandLineBuildStepPage.setCustomScript(EditCommandLineBuildStepPage.java:27)\n\tat com.example.teamcity.ui.RunBuildTypeTest.userRunsBuildTypeTest(RunBuildTypeTest.java:27)\n\tat java.base/jdk.internal.reflect.NativeMethodAccessorImpl.invoke0(Native Method)\n\tat java.base/jdk.internal.reflect.NativeMethodAccessorImpl.invoke(NativeMethodAccessorImpl.java:77)\n\tat java.base/jdk.internal.reflect.DelegatingMethodAccessorImpl.invoke(DelegatingMethodAccessorImpl.java:43)\n\tat java.base/java.lang.reflect.Method.invoke(Method.java:569)\n\tat org.testng.internal.invokers.MethodInvocationHelper.invokeMethod(MethodInvocationHelper.java:141)\n\tat org.testng.internal.invokers.TestInvoker.invokeMethod(TestInvoker.java:686)\n\tat org.testng.internal.invokers.TestInvoker.invokeTestMethod(TestInvoker.java:230)\n\tat org.testng.internal.invokers.MethodRunner.runInSequence(MethodRunner.java:63)\n\tat org.testng.internal.invokers.TestInvoker$MethodInvocationAgent.invoke(TestInvoker.java:992)\n\tat org.testng.internal.invokers.TestInvoker.invokeTestMethods(TestInvoker.java:203)\n\tat org.testng.internal.invokers.TestMethodWorker.invokeTestMethods(TestMethodWorker.java:154)\n\tat org.testng.internal.invokers.TestMethodWorker.run(TestMethodWorker.java:134)\n\tat java.base/java.util.ArrayList.forEach(ArrayList.java:1511)\n\tat org.testng.TestRunner.privateRun(TestRunner.java:739)\n\tat org.testng.TestRunner.run(TestRunner.java:614)\n\tat org.testng.SuiteRunner.runTest(SuiteRunner.java:421)\n\tat org.testng.SuiteRunner.runSequentially(SuiteRunner.java:413)\n\tat org.testng.SuiteRunner.privateRun(SuiteRunner.java:373)\n\tat org.testng.SuiteRunner.run(SuiteRunner.java:312)\n\tat org.testng.SuiteRunnerWorker.runSuite(SuiteRunnerWorker.java:52)\n\tat org.testng.SuiteRunnerWorker.run(SuiteRunnerWorker.java:95)\n\tat org.testng.TestNG.runSuitesSequentially(TestNG.java:1274)\n\tat org.testng.TestNG.runSuitesLocally(TestNG.java:1208)\n\tat org.testng.TestNG.runSuites(TestNG.java:1112)\n\tat org.testng.TestNG.run(TestNG.java:1079)\n\tat org.apache.maven.surefire.testng.TestNGExecutor.run(TestNGExecutor.java:155)\n\tat org.apache.maven.surefire.testng.TestNGDirectoryTestSuite.executeMulti(TestNGDirectoryTestSuite.java:169)\n\tat org.apache.maven.surefire.testng.TestNGDirectoryTestSuite.execute(TestNGDirectoryTestSuite.java:88)\n\tat org.apache.maven.surefire.testng.TestNGProvider.invoke(TestNGProvider.java:137)\n\tat org.apache.maven.surefire.booter.ForkedBooter.runSuitesInProcess(ForkedBooter.java:385)\n\tat org.apache.maven.surefire.booter.ForkedBooter.execute(ForkedBooter.java:162)\n\tat org.apache.maven.surefire.booter.ForkedBooter.run(ForkedBooter.java:507)\n\tat org.apache.maven.surefire.booter.ForkedBooter.main(ForkedBooter.java:495)\nCaused by: org.openqa.selenium.NoSuchElementException: no such element: Unable to locate element: {\"method\":\"css selector\",\"selector\":\".CodeMirror\"}\n  (Session info: chrome=128.0.6613.137)\nFor documentation on this error, please visit: https://www.selenium.dev/documentation/webdriver/troubleshooting/errors#no-such-element-exception\nBuild info: version: '4.19.1', revision: 'abe0ee07dc'\nSystem info: os.name: 'Linux', os.arch: 'amd64', os.version: '6.5.0-1025-azure', java.version: '17.0.13'\nDriver info: org.openqa.selenium.remote.RemoteWebDriver\nCommand: [edf02c9960fde682a1d7acecf5cf901d, findElement {value=.CodeMirror, using=css selector}]\nCapabilities {acceptInsecureCerts: true, browserName: chrome, browserVersion: 128.0.6613.137, chrome: {chromedriverVersion: 128.0.6613.18 (7d504c2c60ba..., userDataDir: /tmp/.org.chromium.Chromium...}, fedcm:accounts: true, goog:chromeOptions: {debuggerAddress: localhost:43421}, networkConnectionEnabled: false, pageLoadStrategy: normal, platformName: linux, proxy: Proxy(), se:cdp: ws://localhost:4444/devtool..., se:cdpVersion: 128.0.6613.137, setWindowRect: true, strictFileInteractability: false, timeouts: {implicit: 0, pageLoad: 300000, script: 30000}, unhandledPromptBehavior: accept, webauthn:extension:credBlob: true, webauthn:extension:largeBlob: true, webauthn:extension:minPinLength: true, webauthn:extension:prf: true, webauthn:virtualAuthenticators: true}\nSession ID: edf02c9960fde682a1d7acecf5cf901d\n\tat jdk.internal.reflect.GeneratedConstructorAccessor41.newInstance(Unknown Source)\n\tat java.base/jdk.internal.reflect.DelegatingConstructorAccessorImpl.newInstance(DelegatingConstructorAccessorImpl.java:45)\n\tat java.base/java.lang.reflect.Constructor.newInstanceWithCaller(Constructor.java:500)\n\tat java.base/java.lang.reflect.Constructor.newInstance(Constructor.java:481)\n\tat org.openqa.selenium.remote.ErrorCodec.decode(ErrorCodec.java:167)\n\tat org.openqa.selenium.remote.codec.w3c.W3CHttpResponseCodec.decode(W3CHttpResponseCodec.java:138)\n\tat org.openqa.selenium.remote.codec.w3c.W3CHttpResponseCodec.decode(W3CHttpResponseCodec.java:50)\n\tat org.openqa.selenium.remote.HttpCommandExecutor.execute(HttpCommandExecutor.java:190)\n\tat org.openqa.selenium.remote.RemoteWebDriver.execute(RemoteWebDriver.java:518)\n\tat org.openqa.selenium.remote.ElementLocation$ElementFinder$2.findElement(ElementLocation.java:165)\n\tat org.openqa.selenium.remote.ElementLocation.findElement(ElementLocation.java:59)\n\tat org.openqa.selenium.remote.RemoteWebDriver.findElement(RemoteWebDriver.java:355)\n\tat org.openqa.selenium.remote.RemoteWebDriver.findElement(RemoteWebDriver.java:349)\n\tat com.codeborne.selenide.impl.WebElementSelector.findElement(WebElementSelector.java:73)\n\tat com.codeborne.selenide.impl.WebElementSelector.findElement(WebElementSelector.java:46)\n\tat com.codeborne.selenide.impl.WebElementSelector.findElement(WebElementSelector.java:35)\n\tat com.codeborne.selenide.impl.ElementFinder.getWebElement(ElementFinder.java:122)\n\tat com.codeborne.selenide.commands.GetWrappedElement.execute(GetWrappedElement.java:19)\n\tat com.codeborne.selenide.commands.GetWrappedElement.execute(GetWrappedElement.java:13)\n\tat com.codeborne.selenide.commands.Commands.execute(Commands.java:162)\n\tat com.codeborne.selenide.impl.SelenideElementProxy.dispatchAndRetry(SelenideElementProxy.java:134)\n\t... 49 more\n","steps":[{"name":"Open Login page","time":{"start":1731942315540,"stop":1731942318347,"duration":2807},"status":"passed","steps":[{"name":"$(\"open\") http://172.17.0.1:8111/login.html","time":{"start":1731942315541,"stop":1731942318347,"duration":2806},"status":"passed","steps":[{"name":"$(\"webdriver\") create()","time":{"start":1731942315541,"stop":1731942317433,"duration":1892},"status":"passed","steps":[],"attachments":[],"parameters":[],"shouldDisplayMessage":false,"stepsCount":0,"attachmentsCount":0,"hasContent":false}],"attachments":[],"parameters":[],"shouldDisplayMessage":false,"stepsCount":1,"attachmentsCount":0,"hasContent":true}],"attachments":[],"parameters":[],"shouldDisplayMessage":false,"stepsCount":2,"attachmentsCount":0,"hasContent":true},{"name":"Login as test_XyAxieIEvh","time":{"start":1731942318348,"stop":1731942321439,"duration":3091},"status":"passed","steps":[{"name":"$(\"#username\") val(test_XyAxieIEvh)","time":{"start":1731942318348,"stop":1731942318872,"duration":524},"status":"passed","steps":[],"attachments":[],"parameters":[],"shouldDisplayMessage":false,"stepsCount":0,"attachmentsCount":0,"hasContent":false},{"name":"$(\"#password\") val(test_jbeVAINjhu)","time":{"start":1731942318873,"stop":1731942319120,"duration":247},"status":"passed","steps":[],"attachments":[],"parameters":[],"shouldDisplayMessage":false,"stepsCount":0,"attachmentsCount":0,"hasContent":false},{"name":"$(\".loginButton\") click()","time":{"start":1731942319120,"stop":1731942319329,"duration":209},"status":"passed","steps":[],"attachments":[],"parameters":[],"shouldDisplayMessage":false,"stepsCount":0,"attachmentsCount":0,"hasContent":false},{"name":"$(\".MainPanel__router--gF > div\") should be([visible, 30 s.])","time":{"start":1731942319329,"stop":1731942321439,"duration":2110},"status":"passed","steps":[],"attachments":[],"parameters":[],"shouldDisplayMessage":false,"stepsCount":0,"attachmentsCount":0,"hasContent":false}],"attachments":[],"parameters":[{"name":"user","value":"User(id=null, username=test_XyAxieIEvh, password=test_jbeVAINjhu, roles=Roles(role=[Role(roleId=SYSTEM_ADMIN, scope=g)]))"}],"shouldDisplayMessage":false,"stepsCount":4,"attachmentsCount":0,"hasContent":true},{"name":"Open Edit steps page","time":{"start":1731942321470,"stop":1731942323077,"duration":1607},"status":"passed","steps":[{"name":"$(\"open\") http://172.17.0.1:8111/admin/editBuildRunners.html?id=buildType:test_unqweGrwiQ","time":{"start":1731942321470,"stop":1731942323004,"duration":1534},"status":"passed","steps":[],"attachments":[],"parameters":[],"shouldDisplayMessage":false,"stepsCount":0,"attachmentsCount":0,"hasContent":false},{"name":"$(\"#restPageTitle\") should be([visible, 30 s.])","time":{"start":1731942323005,"stop":1731942323077,"duration":72},"status":"passed","steps":[],"attachments":[],"parameters":[],"shouldDisplayMessage":false,"stepsCount":0,"attachmentsCount":0,"hasContent":false}],"attachments":[],"parameters":[{"name":"buildTypeId","value":"test_unqweGrwiQ"}],"shouldDisplayMessage":false,"stepsCount":2,"attachmentsCount":0,"hasContent":true},{"name":"Add build step","time":{"start":1731942323077,"stop":1731942324650,"duration":1573},"status":"passed","steps":[{"name":"$(\".configurationSection > a.btn\") click()","time":{"start":1731942323077,"stop":1731942324348,"duration":1271},"status":"passed","steps":[],"attachments":[],"parameters":[],"shouldDisplayMessage":false,"stepsCount":0,"attachmentsCount":0,"hasContent":false},{"name":"$(\"table[class*='SelectBuildRunners__list']\") should be([visible, 30 s.])","time":{"start":1731942324349,"stop":1731942324650,"duration":301},"status":"passed","steps":[],"attachments":[],"parameters":[],"shouldDisplayMessage":false,"stepsCount":0,"attachmentsCount":0,"hasContent":false}],"attachments":[],"parameters":[],"shouldDisplayMessage":false,"stepsCount":2,"attachmentsCount":0,"hasContent":true},{"name":"Select step type","time":{"start":1731942324656,"stop":1731942324938,"duration":282},"status":"passed","steps":[{"name":"Get step types","time":{"start":1731942324656,"stop":1731942324682,"duration":26},"status":"passed","steps":[],"attachments":[],"parameters":[],"shouldDisplayMessage":false,"stepsCount":0,"attachmentsCount":0,"hasContent":false},{"name":"$(\"tr[data-test*='runner-item'].snapshot(38 elements)[0]/td[class*='SelectBuildRunners__title']\") text()","time":{"start":1731942324683,"stop":1731942324738,"duration":55},"status":"passed","steps":[],"attachments":[],"parameters":[],"shouldDisplayMessage":false,"stepsCount":0,"attachmentsCount":0,"hasContent":false},{"name":"$(\"tr[data-test*='runner-item'].snapshot(38 elements)[1]/td[class*='SelectBuildRunners__title']\") text()","time":{"start":1731942324738,"stop":1731942324771,"duration":33},"status":"passed","steps":[],"attachments":[],"parameters":[],"shouldDisplayMessage":false,"stepsCount":0,"attachmentsCount":0,"hasContent":false},{"name":"$(\"tr[data-test*='runner-item'].snapshot(38 elements)[2]/td[class*='SelectBuildRunners__title']\") text()","time":{"start":1731942324771,"stop":1731942324804,"duration":33},"status":"passed","steps":[],"attachments":[],"parameters":[],"shouldDisplayMessage":false,"stepsCount":0,"attachmentsCount":0,"hasContent":false},{"name":"$(\"tr[data-test*='runner-item'].snapshot(38 elements)[3]/td[class*='SelectBuildRunners__title']\") text()","time":{"start":1731942324804,"stop":1731942324838,"duration":34},"status":"passed","steps":[],"attachments":[],"parameters":[],"shouldDisplayMessage":false,"stepsCount":0,"attachmentsCount":0,"hasContent":false},{"name":"$(\"tr[data-test*='runner-item'].snapshot(38 elements)[3]/td[class*='SelectBuildRunners__title']\") click()","time":{"start":1731942324838,"stop":1731942324937,"duration":99},"status":"passed","steps":[],"attachments":[],"parameters":[],"shouldDisplayMessage":false,"stepsCount":0,"attachmentsCount":0,"hasContent":false}],"attachments":[],"parameters":[{"name":"typeName","value":"Command Line"},{"name":"pageClass","value":"class com.example.teamcity.ui.pages.admin.buildStep.EditCommandLineBuildStepPage"}],"shouldDisplayMessage":false,"stepsCount":6,"attachmentsCount":0,"hasContent":true},{"name":"Set custom script","time":{"start":1731942324938,"stop":1731942329629,"duration":4691},"status":"failed","statusMessage":"Element not found {.CodeMirror}\nExpected: exist\nScreenshot: file:/home/runner/work/teamcity-testing-framework/teamcity-testing-framework/build/reports/tests/1731942329041.0.png\nPage source: file:/home/runner/work/teamcity-testing-framework/teamcity-testing-framework/build/reports/tests/1731942329041.0.html\nTimeout: 4 s.\nCaused by: NoSuchElementException: no such element: Unable to locate element: {\"method\":\"css selector\",\"selector\":\".CodeMirror\"}","statusTrace":"Element not found {.CodeMirror}\nExpected: exist\nScreenshot: file:/home/runner/work/teamcity-testing-framework/teamcity-testing-framework/build/reports/tests/1731942329041.0.png\nPage source: file:/home/runner/work/teamcity-testing-framework/teamcity-testing-framework/build/reports/tests/1731942329041.0.html\nTimeout: 4 s.\nCaused by: NoSuchElementException: no such element: Unable to locate element: {\"method\":\"css selector\",\"selector\":\".CodeMirror\"}\n\tat com.codeborne.selenide.impl.WebElementSource.createElementNotFoundError(WebElementSource.java:90)\n\tat com.codeborne.selenide.impl.ElementFinder.createElementNotFoundError(ElementFinder.java:142)\n\tat com.codeborne.selenide.impl.ExceptionWrapper.wrap(ExceptionWrapper.java:32)\n\tat com.codeborne.selenide.impl.SelenideElementProxy.dispatchAndRetry(SelenideElementProxy.java:156)\n\tat com.codeborne.selenide.impl.SelenideElementProxy.invoke(SelenideElementProxy.java:86)\n\tat jdk.proxy2/jdk.proxy2.$Proxy32.getWrappedElement(Unknown Source)\n\tat org.openqa.selenium.remote.WebElementToJsonConverter.apply(WebElementToJsonConverter.java:48)\n\tat java.base/java.util.stream.ReferencePipeline$3$1.accept(ReferencePipeline.java:197)\n\tat java.base/java.util.Spliterators$ArraySpliterator.forEachRemaining(Spliterators.java:992)\n\tat java.base/java.util.stream.AbstractPipeline.copyInto(AbstractPipeline.java:509)\n\tat java.base/java.util.stream.AbstractPipeline.wrapAndCopyInto(AbstractPipeline.java:499)\n\tat java.base/java.util.stream.ReduceOps$ReduceOp.evaluateSequential(ReduceOps.java:921)\n\tat java.base/java.util.stream.AbstractPipeline.evaluate(AbstractPipeline.java:234)\n\tat java.base/java.util.stream.ReferencePipeline.collect(ReferencePipeline.java:682)\n\tat org.openqa.selenium.remote.RemoteWebDriver.executeScript(RemoteWebDriver.java:461)\n\tat com.codeborne.selenide.Driver.executeJavaScript(Driver.java:56)\n\tat com.codeborne.selenide.SelenideDriver.executeJavaScript(SelenideDriver.java:225)\n\tat com.codeborne.selenide.Selenide.executeJavaScript(Selenide.java:552)\n\tat com.example.teamcity.ui.pages.admin.buildStep.EditCommandLineBuildStepPage.setCustomScript(EditCommandLineBuildStepPage.java:27)\n\tat com.example.teamcity.ui.RunBuildTypeTest.userRunsBuildTypeTest(RunBuildTypeTest.java:27)\n\tat java.base/jdk.internal.reflect.NativeMethodAccessorImpl.invoke0(Native Method)\n\tat java.base/jdk.internal.reflect.NativeMethodAccessorImpl.invoke(NativeMethodAccessorImpl.java:77)\n\tat java.base/jdk.internal.reflect.DelegatingMethodAccessorImpl.invoke(DelegatingMethodAccessorImpl.java:43)\n\tat java.base/java.lang.reflect.Method.invoke(Method.java:569)\n\tat org.testng.internal.invokers.MethodInvocationHelper.invokeMethod(MethodInvocationHelper.java:141)\n\tat org.testng.internal.invokers.TestInvoker.invokeMethod(TestInvoker.java:686)\n\tat org.testng.internal.invokers.TestInvoker.invokeTestMethod(TestInvoker.java:230)\n\tat org.testng.internal.invokers.MethodRunner.runInSequence(MethodRunner.java:63)\n\tat org.testng.internal.invokers.TestInvoker$MethodInvocationAgent.invoke(TestInvoker.java:992)\n\tat org.testng.internal.invokers.TestInvoker.invokeTestMethods(TestInvoker.java:203)\n\tat org.testng.internal.invokers.TestMethodWorker.invokeTestMethods(TestMethodWorker.java:154)\n\tat org.testng.internal.invokers.TestMethodWorker.run(TestMethodWorker.java:134)\n\tat java.base/java.util.ArrayList.forEach(ArrayList.java:1511)\n\tat org.testng.TestRunner.privateRun(TestRunner.java:739)\n\tat org.testng.TestRunner.run(TestRunner.java:614)\n\tat org.testng.SuiteRunner.runTest(SuiteRunner.java:421)\n\tat org.testng.SuiteRunner.runSequentially(SuiteRunner.java:413)\n\tat org.testng.SuiteRunner.privateRun(SuiteRunner.java:373)\n\tat org.testng.SuiteRunner.run(SuiteRunner.java:312)\n\tat org.testng.SuiteRunnerWorker.runSuite(SuiteRunnerWorker.java:52)\n\tat org.testng.SuiteRunnerWorker.run(SuiteRunnerWorker.java:95)\n\tat org.testng.TestNG.runSuitesSequentially(TestNG.java:1274)\n\tat org.testng.TestNG.runSuitesLocally(TestNG.java:1208)\n\tat org.testng.TestNG.runSuites(TestNG.java:1112)\n\tat org.testng.TestNG.run(TestNG.java:1079)\n\tat org.apache.maven.surefire.testng.TestNGExecutor.run(TestNGExecutor.java:155)\n\tat org.apache.maven.surefire.testng.TestNGDirectoryTestSuite.executeMulti(TestNGDirectoryTestSuite.java:169)\n\tat org.apache.maven.surefire.testng.TestNGDirectoryTestSuite.execute(TestNGDirectoryTestSuite.java:88)\n\tat org.apache.maven.surefire.testng.TestNGProvider.invoke(TestNGProvider.java:137)\n\tat org.apache.maven.surefire.booter.ForkedBooter.runSuitesInProcess(ForkedBooter.java:385)\n\tat org.apache.maven.surefire.booter.ForkedBooter.execute(ForkedBooter.java:162)\n\tat org.apache.maven.surefire.booter.ForkedBooter.run(ForkedBooter.java:507)\n\tat org.apache.maven.surefire.booter.ForkedBooter.main(ForkedBooter.java:495)\nCaused by: org.openqa.selenium.NoSuchElementException: no such element: Unable to locate element: {\"method\":\"css selector\",\"selector\":\".CodeMirror\"}\n  (Session info: chrome=128.0.6613.137)\nFor documentation on this error, please visit: https://www.selenium.dev/documentation/webdriver/troubleshooting/errors#no-such-element-exception\nBuild info: version: '4.19.1', revision: 'abe0ee07dc'\nSystem info: os.name: 'Linux', os.arch: 'amd64', os.version: '6.5.0-1025-azure', java.version: '17.0.13'\nDriver info: org.openqa.selenium.remote.RemoteWebDriver\nCommand: [edf02c9960fde682a1d7acecf5cf901d, findElement {value=.CodeMirror, using=css selector}]\nCapabilities {acceptInsecureCerts: true, browserName: chrome, browserVersion: 128.0.6613.137, chrome: {chromedriverVersion: 128.0.6613.18 (7d504c2c60ba..., userDataDir: /tmp/.org.chromium.Chromium...}, fedcm:accounts: true, goog:chromeOptions: {debuggerAddress: localhost:43421}, networkConnectionEnabled: false, pageLoadStrategy: normal, platformName: linux, proxy: Proxy(), se:cdp: ws://localhost:4444/devtool..., se:cdpVersion: 128.0.6613.137, setWindowRect: true, strictFileInteractability: false, timeouts: {implicit: 0, pageLoad: 300000, script: 30000}, unhandledPromptBehavior: accept, webauthn:extension:credBlob: true, webauthn:extension:largeBlob: true, webauthn:extension:minPinLength: true, webauthn:extension:prf: true, webauthn:virtualAuthenticators: true}\nSession ID: edf02c9960fde682a1d7acecf5cf901d\n\tat jdk.internal.reflect.GeneratedConstructorAccessor41.newInstance(Unknown Source)\n\tat java.base/jdk.internal.reflect.DelegatingConstructorAccessorImpl.newInstance(DelegatingConstructorAccessorImpl.java:45)\n\tat java.base/java.lang.reflect.Constructor.newInstanceWithCaller(Constructor.java:500)\n\tat java.base/java.lang.reflect.Constructor.newInstance(Constructor.java:481)\n\tat org.openqa.selenium.remote.ErrorCodec.decode(ErrorCodec.java:167)\n\tat org.openqa.selenium.remote.codec.w3c.W3CHttpResponseCodec.decode(W3CHttpResponseCodec.java:138)\n\tat org.openqa.selenium.remote.codec.w3c.W3CHttpResponseCodec.decode(W3CHttpResponseCodec.java:50)\n\tat org.openqa.selenium.remote.HttpCommandExecutor.execute(HttpCommandExecutor.java:190)\n\tat org.openqa.selenium.remote.RemoteWebDriver.execute(RemoteWebDriver.java:518)\n\tat org.openqa.selenium.remote.ElementLocation$ElementFinder$2.findElement(ElementLocation.java:165)\n\tat org.openqa.selenium.remote.ElementLocation.findElement(ElementLocation.java:59)\n\tat org.openqa.selenium.remote.RemoteWebDriver.findElement(RemoteWebDriver.java:355)\n\tat org.openqa.selenium.remote.RemoteWebDriver.findElement(RemoteWebDriver.java:349)\n\tat com.codeborne.selenide.impl.WebElementSelector.findElement(WebElementSelector.java:73)\n\tat com.codeborne.selenide.impl.WebElementSelector.findElement(WebElementSelector.java:46)\n\tat com.codeborne.selenide.impl.WebElementSelector.findElement(WebElementSelector.java:35)\n\tat com.codeborne.selenide.impl.ElementFinder.getWebElement(ElementFinder.java:122)\n\tat com.codeborne.selenide.commands.GetWrappedElement.execute(GetWrappedElement.java:19)\n\tat com.codeborne.selenide.commands.GetWrappedElement.execute(GetWrappedElement.java:13)\n\tat com.codeborne.selenide.commands.Commands.execute(Commands.java:162)\n\tat com.codeborne.selenide.impl.SelenideElementProxy.dispatchAndRetry(SelenideElementProxy.java:134)\n\t... 49 more\n","steps":[{"name":"$(\".CodeMirror\") get wrapped element()","time":{"start":1731942324939,"stop":1731942329628,"duration":4689},"status":"failed","statusMessage":"Element not found {.CodeMirror}\nExpected: exist\nScreenshot: file:/home/runner/work/teamcity-testing-framework/teamcity-testing-framework/build/reports/tests/1731942329041.0.png\nPage source: file:/home/runner/work/teamcity-testing-framework/teamcity-testing-framework/build/reports/tests/1731942329041.0.html\nTimeout: 4 s.\nCaused by: NoSuchElementException: no such element: Unable to locate element: {\"method\":\"css selector\",\"selector\":\".CodeMirror\"}","statusTrace":"Element not found {.CodeMirror}\nExpected: exist\nScreenshot: file:/home/runner/work/teamcity-testing-framework/teamcity-testing-framework/build/reports/tests/1731942329041.0.png\nPage source: file:/home/runner/work/teamcity-testing-framework/teamcity-testing-framework/build/reports/tests/1731942329041.0.html\nTimeout: 4 s.\nCaused by: NoSuchElementException: no such element: Unable to locate element: {\"method\":\"css selector\",\"selector\":\".CodeMirror\"}\n\tat com.codeborne.selenide.impl.WebElementSource.createElementNotFoundError(WebElementSource.java:90)\n\tat com.codeborne.selenide.impl.ElementFinder.createElementNotFoundError(ElementFinder.java:142)\n\tat com.codeborne.selenide.impl.ExceptionWrapper.wrap(ExceptionWrapper.java:32)\n\tat com.codeborne.selenide.impl.SelenideElementProxy.dispatchAndRetry(SelenideElementProxy.java:156)\n\tat com.codeborne.selenide.impl.SelenideElementProxy.invoke(SelenideElementProxy.java:86)\n\tat jdk.proxy2/jdk.proxy2.$Proxy32.getWrappedElement(Unknown Source)\n\tat org.openqa.selenium.remote.WebElementToJsonConverter.apply(WebElementToJsonConverter.java:48)\n\tat java.base/java.util.stream.ReferencePipeline$3$1.accept(ReferencePipeline.java:197)\n\tat java.base/java.util.Spliterators$ArraySpliterator.forEachRemaining(Spliterators.java:992)\n\tat java.base/java.util.stream.AbstractPipeline.copyInto(AbstractPipeline.java:509)\n\tat java.base/java.util.stream.AbstractPipeline.wrapAndCopyInto(AbstractPipeline.java:499)\n\tat java.base/java.util.stream.ReduceOps$ReduceOp.evaluateSequential(ReduceOps.java:921)\n\tat java.base/java.util.stream.AbstractPipeline.evaluate(AbstractPipeline.java:234)\n\tat java.base/java.util.stream.ReferencePipeline.collect(ReferencePipeline.java:682)\n\tat org.openqa.selenium.remote.RemoteWebDriver.executeScript(RemoteWebDriver.java:461)\n\tat com.codeborne.selenide.Driver.executeJavaScript(Driver.java:56)\n\tat com.codeborne.selenide.SelenideDriver.executeJavaScript(SelenideDriver.java:225)\n\tat com.codeborne.selenide.Selenide.executeJavaScript(Selenide.java:552)\n\tat com.example.teamcity.ui.pages.admin.buildStep.EditCommandLineBuildStepPage.setCustomScript(EditCommandLineBuildStepPage.java:27)\n\tat com.example.teamcity.ui.RunBuildTypeTest.userRunsBuildTypeTest(RunBuildTypeTest.java:27)\n\tat java.base/jdk.internal.reflect.NativeMethodAccessorImpl.invoke0(Native Method)\n\tat java.base/jdk.internal.reflect.NativeMethodAccessorImpl.invoke(NativeMethodAccessorImpl.java:77)\n\tat java.base/jdk.internal.reflect.DelegatingMethodAccessorImpl.invoke(DelegatingMethodAccessorImpl.java:43)\n\tat java.base/java.lang.reflect.Method.invoke(Method.java:569)\n\tat org.testng.internal.invokers.MethodInvocationHelper.invokeMethod(MethodInvocationHelper.java:141)\n\tat org.testng.internal.invokers.TestInvoker.invokeMethod(TestInvoker.java:686)\n\tat org.testng.internal.invokers.TestInvoker.invokeTestMethod(TestInvoker.java:230)\n\tat org.testng.internal.invokers.MethodRunner.runInSequence(MethodRunner.java:63)\n\tat org.testng.internal.invokers.TestInvoker$MethodInvocationAgent.invoke(TestInvoker.java:992)\n\tat org.testng.internal.invokers.TestInvoker.invokeTestMethods(TestInvoker.java:203)\n\tat org.testng.internal.invokers.TestMethodWorker.invokeTestMethods(TestMethodWorker.java:154)\n\tat org.testng.internal.invokers.TestMethodWorker.run(TestMethodWorker.java:134)\n\tat java.base/java.util.ArrayList.forEach(ArrayList.java:1511)\n\tat org.testng.TestRunner.privateRun(TestRunner.java:739)\n\tat org.testng.TestRunner.run(TestRunner.java:614)\n\tat org.testng.SuiteRunner.runTest(SuiteRunner.java:421)\n\tat org.testng.SuiteRunner.runSequentially(SuiteRunner.java:413)\n\tat org.testng.SuiteRunner.privateRun(SuiteRunner.java:373)\n\tat org.testng.SuiteRunner.run(SuiteRunner.java:312)\n\tat org.testng.SuiteRunnerWorker.runSuite(SuiteRunnerWorker.java:52)\n\tat org.testng.SuiteRunnerWorker.run(SuiteRunnerWorker.java:95)\n\tat org.testng.TestNG.runSuitesSequentially(TestNG.java:1274)\n\tat org.testng.TestNG.runSuitesLocally(TestNG.java:1208)\n\tat org.testng.TestNG.runSuites(TestNG.java:1112)\n\tat org.testng.TestNG.run(TestNG.java:1079)\n\tat org.apache.maven.surefire.testng.TestNGExecutor.run(TestNGExecutor.java:155)\n\tat org.apache.maven.surefire.testng.TestNGDirectoryTestSuite.executeMulti(TestNGDirectoryTestSuite.java:169)\n\tat org.apache.maven.surefire.testng.TestNGDirectoryTestSuite.execute(TestNGDirectoryTestSuite.java:88)\n\tat org.apache.maven.surefire.testng.TestNGProvider.invoke(TestNGProvider.java:137)\n\tat org.apache.maven.surefire.booter.ForkedBooter.runSuitesInProcess(ForkedBooter.java:385)\n\tat org.apache.maven.surefire.booter.ForkedBooter.execute(ForkedBooter.java:162)\n\tat org.apache.maven.surefire.booter.ForkedBooter.run(ForkedBooter.java:507)\n\tat org.apache.maven.surefire.booter.ForkedBooter.main(ForkedBooter.java:495)\nCaused by: org.openqa.selenium.NoSuchElementException: no such element: Unable to locate element: {\"method\":\"css selector\",\"selector\":\".CodeMirror\"}\n  (Session info: chrome=128.0.6613.137)\nFor documentation on this error, please visit: https://www.selenium.dev/documentation/webdriver/troubleshooting/errors#no-such-element-exception\nBuild info: version: '4.19.1', revision: 'abe0ee07dc'\nSystem info: os.name: 'Linux', os.arch: 'amd64', os.version: '6.5.0-1025-azure', java.version: '17.0.13'\nDriver info: org.openqa.selenium.remote.RemoteWebDriver\nCommand: [edf02c9960fde682a1d7acecf5cf901d, findElement {value=.CodeMirror, using=css selector}]\nCapabilities {acceptInsecureCerts: true, browserName: chrome, browserVersion: 128.0.6613.137, chrome: {chromedriverVersion: 128.0.6613.18 (7d504c2c60ba..., userDataDir: /tmp/.org.chromium.Chromium...}, fedcm:accounts: true, goog:chromeOptions: {debuggerAddress: localhost:43421}, networkConnectionEnabled: false, pageLoadStrategy: normal, platformName: linux, proxy: Proxy(), se:cdp: ws://localhost:4444/devtool..., se:cdpVersion: 128.0.6613.137, setWindowRect: true, strictFileInteractability: false, timeouts: {implicit: 0, pageLoad: 300000, script: 30000}, unhandledPromptBehavior: accept, webauthn:extension:credBlob: true, webauthn:extension:largeBlob: true, webauthn:extension:minPinLength: true, webauthn:extension:prf: true, webauthn:virtualAuthenticators: true}\nSession ID: edf02c9960fde682a1d7acecf5cf901d\n\tat jdk.internal.reflect.GeneratedConstructorAccessor41.newInstance(Unknown Source)\n\tat java.base/jdk.internal.reflect.DelegatingConstructorAccessorImpl.newInstance(DelegatingConstructorAccessorImpl.java:45)\n\tat java.base/java.lang.reflect.Constructor.newInstanceWithCaller(Constructor.java:500)\n\tat java.base/java.lang.reflect.Constructor.newInstance(Constructor.java:481)\n\tat org.openqa.selenium.remote.ErrorCodec.decode(ErrorCodec.java:167)\n\tat org.openqa.selenium.remote.codec.w3c.W3CHttpResponseCodec.decode(W3CHttpResponseCodec.java:138)\n\tat org.openqa.selenium.remote.codec.w3c.W3CHttpResponseCodec.decode(W3CHttpResponseCodec.java:50)\n\tat org.openqa.selenium.remote.HttpCommandExecutor.execute(HttpCommandExecutor.java:190)\n\tat org.openqa.selenium.remote.RemoteWebDriver.execute(RemoteWebDriver.java:518)\n\tat org.openqa.selenium.remote.ElementLocation$ElementFinder$2.findElement(ElementLocation.java:165)\n\tat org.openqa.selenium.remote.ElementLocation.findElement(ElementLocation.java:59)\n\tat org.openqa.selenium.remote.RemoteWebDriver.findElement(RemoteWebDriver.java:355)\n\tat org.openqa.selenium.remote.RemoteWebDriver.findElement(RemoteWebDriver.java:349)\n\tat com.codeborne.selenide.impl.WebElementSelector.findElement(WebElementSelector.java:73)\n\tat com.codeborne.selenide.impl.WebElementSelector.findElement(WebElementSelector.java:46)\n\tat com.codeborne.selenide.impl.WebElementSelector.findElement(WebElementSelector.java:35)\n\tat com.codeborne.selenide.impl.ElementFinder.getWebElement(ElementFinder.java:122)\n\tat com.codeborne.selenide.commands.GetWrappedElement.execute(GetWrappedElement.java:19)\n\tat com.codeborne.selenide.commands.GetWrappedElement.execute(GetWrappedElement.java:13)\n\tat com.codeborne.selenide.commands.Commands.execute(Commands.java:162)\n\tat com.codeborne.selenide.impl.SelenideElementProxy.dispatchAndRetry(SelenideElementProxy.java:134)\n\t... 49 more\n","steps":[],"attachments":[{"uid":"5ac4d37752304599","name":"Screenshot","source":"5ac4d37752304599.png","type":"image/png","size":143040},{"uid":"f82490db45caec18","name":"Page source","source":"f82490db45caec18.html","type":"text/html","size":259499}],"parameters":[],"shouldDisplayMessage":true,"stepsCount":0,"attachmentsCount":2,"hasContent":true}],"attachments":[],"parameters":[{"name":"script","value":"echo \"Hello world\""}],"shouldDisplayMessage":false,"stepsCount":1,"attachmentsCount":2,"hasContent":true}],"attachments":[{"uid":"3b3a7bb6aff76ea9","name":"Request","source":"3b3a7bb6aff76ea9.html","type":"text/html","size":935},{"uid":"4ba001ec3fd898ac","name":"HTTP/1.1 200 ","source":"4ba001ec3fd898ac.html","type":"text/html","size":2270},{"uid":"ed24233d8f2e278a","name":"Request","source":"ed24233d8f2e278a.html","type":"text/html","size":1287},{"uid":"bf7a098a0c278d76","name":"HTTP/1.1 200 ","source":"bf7a098a0c278d76.html","type":"text/html","size":3000},{"uid":"bafb12926dcc3f69","name":"Request","source":"bafb12926dcc3f69.html","type":"text/html","size":1357},{"uid":"6dae2101926b4f9e","name":"HTTP/1.1 200 ","source":"6dae2101926b4f9e.html","type":"text/html","size":2124}],"parameters":[],"shouldDisplayMessage":false,"stepsCount":23,"attachmentsCount":8,"hasContent":true},"afterStages":[{"name":"closeWebDriver","time":{"start":1731942329649,"stop":1731942329710,"duration":61},"description":"","status":"passed","steps":[{"name":"$(\"webdriver\") close()","time":{"start":1731942329649,"stop":1731942329710,"duration":61},"status":"passed","steps":[],"attachments":[],"parameters":[],"shouldDisplayMessage":false,"stepsCount":0,"attachmentsCount":0,"hasContent":false}],"attachments":[],"parameters":[],"shouldDisplayMessage":false,"stepsCount":1,"attachmentsCount":0,"hasContent":true},{"name":"afterTest","time":{"start":1731942329712,"stop":1731942330031,"duration":319},"description":"","status":"passed","steps":[],"attachments":[{"uid":"6328c4c55c140e94","name":"Request","source":"6328c4c55c140e94.html","type":"text/html","size":620},{"uid":"398d67d239c2d39d","name":"HTTP/1.1 204 ","source":"398d67d239c2d39d.html","type":"text/html","size":478},{"uid":"aed0b3f729bfd96c","name":"Request","source":"aed0b3f729bfd96c.html","type":"text/html","size":616},{"uid":"d981802d80b562c5","name":"HTTP/1.1 204 ","source":"d981802d80b562c5.html","type":"text/html","size":478},{"uid":"a038b90bb0930feb","name":"Request","source":"a038b90bb0930feb.html","type":"text/html","size":582},{"uid":"913a7bdc9f3bdb95","name":"HTTP/1.1 204 ","source":"913a7bdc9f3bdb95.html","type":"text/html","size":478}],"parameters":[],"shouldDisplayMessage":false,"stepsCount":0,"attachmentsCount":6,"hasContent":true}],"labels":[{"name":"package","value":"com.example.teamcity.ui.RunBuildTypeTest"},{"name":"testClass","value":"com.example.teamcity.ui.RunBuildTypeTest"},{"name":"testMethod","value":"userRunsBuildTypeTest"},{"name":"parentSuite","value":"Surefire suite"},{"name":"suite","value":"Surefire test"},{"name":"subSuite","value":"com.example.teamcity.ui.RunBuildTypeTest"},{"name":"host","value":"fv-az1114-182"},{"name":"thread","value":"4205@fv-az1114-182.main(1)"},{"name":"framework","value":"testng"},{"name":"language","value":"java"},{"name":"resultFormat","value":"allure2"}],"parameters":[],"links":[],"hidden":false,"retry":false,"extra":{"severity":"normal","retries":[],"categories":[{"name":"Product defects","matchedStatuses":[],"flaky":false}],"history":{"statistic":{"failed":6,"broken":5,"skipped":0,"passed":0,"unknown":0,"total":11},"items":[{"uid":"ab3690a6a49789b3","reportUrl":"https://annafalileeva.github.io/teamcity-testing-framework/ui/17//#testresult/ab3690a6a49789b3","status":"failed","statusDetails":"Element not found {.CodeMirror}\nExpected: exist\nScreenshot: file:/home/runner/work/teamcity-testing-framework/teamcity-testing-framework/build/reports/tests/1731941869903.0.png\nPage source: file:/home/runner/work/teamcity-testing-framework/teamcity-testing-framework/build/reports/tests/1731941869903.0.html\nTimeout: 4 s.\nCaused by: NoSuchElementException: no such element: Unable to locate element: {\"method\":\"css selector\",\"selector\":\".CodeMirror\"}","time":{"start":1731941856590,"stop":1731941870598,"duration":14008}},{"uid":"1b96a55de2fdf786","reportUrl":"https://annafalileeva.github.io/teamcity-testing-framework/ui/16//#testresult/1b96a55de2fdf786","status":"failed","statusDetails":"Element not found {.CodeMirror}\nExpected: exist\nScreenshot: file:/home/runner/work/teamcity-testing-framework/teamcity-testing-framework/build/reports/tests/1731941135817.0.png\nPage source: file:/home/runner/work/teamcity-testing-framework/teamcity-testing-framework/build/reports/tests/1731941135817.0.html\nTimeout: 4 s.\nCaused by: NoSuchElementException: no such element: Unable to locate element: {\"method\":\"css selector\",\"selector\":\".CodeMirror\"}","time":{"start":1731941121800,"stop":1731941136439,"duration":14639}},{"uid":"42c4fb830b571ecb","reportUrl":"https://annafalileeva.github.io/teamcity-testing-framework/ui/15//#testresult/42c4fb830b571ecb","status":"broken","statusDetails":"Lambda expression in com.example.teamcity.api.requests.checked.CheckedBase expected the predicate to return <true> but was null within 10 seconds.","time":{"start":1731940653638,"stop":1731940680237,"duration":26599}},{"uid":"e2c4b482dafab2fb","reportUrl":"https://annafalileeva.github.io/teamcity-testing-framework/ui/14//#testresult/e2c4b482dafab2fb","status":"broken","statusDetails":"Lambda expression in com.example.teamcity.api.requests.checked.CheckedBase expected the predicate to return <true> but was null within 10 seconds.","time":{"start":1731940157500,"stop":1731940184967,"duration":27467}},{"uid":"9ebdd40351c36924","reportUrl":"https://annafalileeva.github.io/teamcity-testing-framework/ui/13//#testresult/9ebdd40351c36924","status":"failed","statusDetails":"Element not found {.CodeMirror}\nExpected: exist\nScreenshot: file:/home/runner/work/teamcity-testing-framework/teamcity-testing-framework/build/reports/tests/1731939473125.0.png\nPage source: file:/home/runner/work/teamcity-testing-framework/teamcity-testing-framework/build/reports/tests/1731939473125.0.html\nTimeout: 4 s.\nCaused by: NoSuchElementException: no such element: Unable to locate element: {\"method\":\"css selector\",\"selector\":\".CodeMirror\"}","time":{"start":1731939459563,"stop":1731939473691,"duration":14128}},{"uid":"7fe10407caa2acc1","reportUrl":"https://annafalileeva.github.io/teamcity-testing-framework/ui/11//#testresult/7fe10407caa2acc1","status":"failed","statusDetails":"Element not found {.CodeMirror}\nExpected: exist\nScreenshot: file:/home/runner/work/teamcity-testing-framework/teamcity-testing-framework/build/reports/tests/1731938782850.0.png\nPage source: file:/home/runner/work/teamcity-testing-framework/teamcity-testing-framework/build/reports/tests/1731938782850.0.html\nTimeout: 4 s.\nCaused by: NoSuchElementException: no such element: Unable to locate element: {\"method\":\"css selector\",\"selector\":\".CodeMirror\"}","time":{"start":1731938768084,"stop":1731938783524,"duration":15440}},{"uid":"d1f99a276e8ddb73","reportUrl":"https://annafalileeva.github.io/teamcity-testing-framework/ui/10//#testresult/d1f99a276e8ddb73","status":"broken","statusDetails":"Lambda expression in com.example.teamcity.api.requests.checked.CheckedBase expected the predicate to return <true> but was null within 10 seconds.","time":{"start":1731937573872,"stop":1731937601347,"duration":27475}},{"uid":"2e2b8f3880e38a36","reportUrl":"https://annafalileeva.github.io/teamcity-testing-framework/ui/9//#testresult/2e2b8f3880e38a36","status":"broken","statusDetails":"Lambda expression in com.example.teamcity.api.requests.checked.CheckedBase expected the predicate to return <true> but was null within 10 seconds.","time":{"start":1731935657596,"stop":1731935684298,"duration":26702}},{"uid":"222e6923f8e951ce","reportUrl":"https://annafalileeva.github.io/teamcity-testing-framework/ui/8//#testresult/222e6923f8e951ce","status":"failed","statusDetails":"Element not found {.CodeMirror}\nExpected: exist\nScreenshot: file:/home/runner/work/teamcity-testing-framework/teamcity-testing-framework/build/reports/tests/1731934969191.0.png\nPage source: file:/home/runner/work/teamcity-testing-framework/teamcity-testing-framework/build/reports/tests/1731934969191.0.html\nTimeout: 4 s.\nCaused by: NoSuchElementException: no such element: Unable to locate element: {\"method\":\"css selector\",\"selector\":\".CodeMirror\"}","time":{"start":1731934954746,"stop":1731934969762,"duration":15016}},{"uid":"e5f09526072ba557","reportUrl":"https://annafalileeva.github.io/teamcity-testing-framework/ui/7//#testresult/e5f09526072ba557","status":"broken","statusDetails":"Lambda expression in com.example.teamcity.api.requests.checked.CheckedBase expected the predicate to return <true> but was null within 10 seconds.","time":{"start":1731933270607,"stop":1731933298556,"duration":27949}}]},"tags":[]},"source":"3d5ecd9c17e89dfb.json","parameterValues":[]}